#
# There is insufficient memory for the Java Runtime Environment to continue.
# Native memory allocation (mmap) failed to map 234881024 bytes for G1 virtual space
# Possible reasons:
#   The system is out of physical RAM or swap space
#   The process is running with CompressedOops enabled, and the Java Heap may be blocking the growth of the native heap
# Possible solutions:
#   Reduce memory load on the system
#   Increase physical memory or swap space
#   Check if swap backing store is full
#   Decrease Java heap size (-Xmx/-Xms)
#   Decrease number of Java threads
#   Decrease Java thread stack sizes (-Xss)
#   Set larger code cache with -XX:ReservedCodeCacheSize=
#   JVM is running with Zero Based Compressed Oops mode in which the Java heap is
#     placed in the first 32GB address space. The Java Heap base address is the
#     maximum limit for the native heap growth. Please use -XX:HeapBaseMinAddress
#     to set the Java Heap base and to place the Java Heap above 32GB virtual address.
# This output file may be truncated or incomplete.
#
#  Out of Memory Error (os_windows.cpp:3617), pid=3420, tid=13660
#
# JRE version:  (17.0.8.1+1) (build )
# Java VM: OpenJDK 64-Bit Server VM (17.0.8.1+1, mixed mode, sharing, tiered, compressed oops, compressed class ptrs, g1 gc, windows-amd64)
# No core dump will be written. Minidumps are not enabled by default on client versions of Windows
#

---------------  S U M M A R Y ------------

Command Line: -Dfile.encoding=UTF-8 --module-path=D:\USUARIO\Music\workspace\proyecto\bin -XX:+ShowCodeDetailsInExceptionMessages -Djdk.module.main=proyecto proyecto/presentacion.Principal

Host: AMD Ryzen 5 5600G with Radeon Graphics         , 12 cores, 13G,  Windows 11 , 64 bit Build 22621 (10.0.22621.1778)
Time: Sun Oct 15 13:46:53 2023 Hora est. Pacífico, Sudamérica elapsed time: 0.007641 seconds (0d 0h 0m 0s)

---------------  T H R E A D  ---------------

Current thread (0x000001659bc84280):  JavaThread "Unknown thread" [_thread_in_vm, id=13660, stack(0x000000116fe00000,0x000000116ff00000)]

Stack: [0x000000116fe00000,0x000000116ff00000]
Native frames: (J=compiled Java code, j=interpreted, Vv=VM code, C=native code)
V  [jvm.dll+0x678b0a]
V  [jvm.dll+0x835e84]
V  [jvm.dll+0x83762e]
V  [jvm.dll+0x837c93]
V  [jvm.dll+0x24746f]
V  [jvm.dll+0x675859]
V  [jvm.dll+0x66a0ea]
V  [jvm.dll+0x306c7b]
V  [jvm.dll+0x30e166]
V  [jvm.dll+0x35dd3e]
V  [jvm.dll+0x35df6f]
V  [jvm.dll+0x2ddb48]
V  [jvm.dll+0x2deab4]
V  [jvm.dll+0x807f31]
V  [jvm.dll+0x36bb21]
V  [jvm.dll+0x7e733c]
V  [jvm.dll+0x3ee4af]
V  [jvm.dll+0x3f00c1]
C  [jli.dll+0x528b]
C  [ucrtbase.dll+0x29363]
C  [KERNEL32.DLL+0x126ad]
C  [ntdll.dll+0x5a9f8]


---------------  P R O C E S S  ---------------

Threads class SMR info:
_java_thread_list=0x00007ffbb14ea018, length=0, elements={
}

Java Threads: ( => current thread )

Other Threads:
  0x000001659bce67b0 GCTaskThread "GC Thread#0" [stack: 0x000000116ff00000,0x0000001170000000] [id=7928]
  0x000001659bcf61c0 ConcurrentGCThread "G1 Main Marker" [stack: 0x0000001170000000,0x0000001170100000] [id=9340]
  0x000001659bcf6ad0 ConcurrentGCThread "G1 Conc#0" [stack: 0x0000001170100000,0x0000001170200000] [id=2212]

[error occurred during error reporting (printing all threads), id 0xc0000005, EXCEPTION_ACCESS_VIOLATION (0xc0000005) at pc=0x00007ffbb0cbe587]

VM state: not at safepoint (not fully initialized)

VM Mutex/Monitor currently owned by a thread:  ([mutex/lock_event])
[0x000001659bc80040] Heap_lock - owner thread: 0x000001659bc84280

Heap address: 0x0000000721a00000, size: 3558 MB, Compressed Oops mode: Zero based, Oop shift amount: 3

CDS archive(s) mapped at: [0x0000000000000000-0x0000000000000000-0x0000000000000000), size 0, SharedBaseAddress: 0x0000000800000000, ArchiveRelocationMode: 1.
Narrow klass base: 0x0000000000000000, Narrow klass shift: 0, Narrow klass range: 0x0

GC Precious Log:
<Empty>

Heap:
 garbage-first heap   total 0K, used 0K [0x0000000721a00000, 0x0000000800000000)
  region size 2048K, 0 young (0K), 0 survivors (0K)

[error occurred during error reporting (printing heap information), id 0xc0000005, EXCEPTION_ACCESS_VIOLATION (0xc0000005) at pc=0x00007ffbb10a2699]

GC Heap History (0 events):
No events

Dll operation events (1 events):
Event: 0.005 Loaded shared library D:\ECLIPSE\pool\plugins\org.eclipse.justj.openjdk.hotspot.jre.full.win32.x86_64_17.0.8.v20230831-1047\jre\bin\java.dll

Deoptimization events (0 events):
No events

Classes unloaded (0 events):
No events

Classes redefined (0 events):
No events

Internal exceptions (0 events):
No events

VM Operations (0 events):
No events

Events (0 events):
No events


Dynamic libraries:
0x00007ff77bb50000 - 0x00007ff77bb5e000 	D:\ECLIPSE\pool\plugins\org.eclipse.justj.openjdk.hotspot.jre.full.win32.x86_64_17.0.8.v20230831-1047\jre\bin\javaw.exe
0x00007ffc2f290000 - 0x00007ffc2f4a4000 	C:\WINDOWS\SYSTEM32\ntdll.dll
0x00007ffc2d740000 - 0x00007ffc2d802000 	C:\WINDOWS\System32\KERNEL32.DLL
0x00007ffc2c690000 - 0x00007ffc2ca33000 	C:\WINDOWS\System32\KERNELBASE.dll
0x00007ffc2cb90000 - 0x00007ffc2cca1000 	C:\WINDOWS\System32\ucrtbase.dll
0x00007ffc1bb90000 - 0x00007ffc1bba7000 	D:\ECLIPSE\pool\plugins\org.eclipse.justj.openjdk.hotspot.jre.full.win32.x86_64_17.0.8.v20230831-1047\jre\bin\jli.dll
0x00007ffc1bb70000 - 0x00007ffc1bb89000 	D:\ECLIPSE\pool\plugins\org.eclipse.justj.openjdk.hotspot.jre.full.win32.x86_64_17.0.8.v20230831-1047\jre\bin\VCRUNTIME140.dll
0x00007ffc2d9a0000 - 0x00007ffc2db4b000 	C:\WINDOWS\System32\USER32.dll
0x00007ffc14510000 - 0x00007ffc1479e000 	C:\WINDOWS\WinSxS\amd64_microsoft.windows.common-controls_6595b64144ccf1df_6.0.22621.1635_none_270f70857386168e\COMCTL32.dll
0x00007ffc2cb60000 - 0x00007ffc2cb86000 	C:\WINDOWS\System32\win32u.dll
0x00007ffc2d150000 - 0x00007ffc2d1f7000 	C:\WINDOWS\System32\msvcrt.dll
0x00007ffc2e8f0000 - 0x00007ffc2e919000 	C:\WINDOWS\System32\GDI32.dll
0x00007ffc2ca40000 - 0x00007ffc2cb59000 	C:\WINDOWS\System32\gdi32full.dll
0x00007ffc2ce20000 - 0x00007ffc2ceba000 	C:\WINDOWS\System32\msvcp_win.dll
0x00007ffc2ea40000 - 0x00007ffc2ea71000 	C:\WINDOWS\System32\IMM32.DLL
0x0000000069d40000 - 0x0000000069d4c000 	D:\360\Total Security\safemon\SafeWrapper.dll
0x00007ffc2d5b0000 - 0x00007ffc2d65e000 	C:\WINDOWS\System32\ADVAPI32.dll
0x00007ffc2d810000 - 0x00007ffc2d8b4000 	C:\WINDOWS\System32\sechost.dll
0x00007ffc2e920000 - 0x00007ffc2ea37000 	C:\WINDOWS\System32\RPCRT4.dll
0x00007ffbd9f10000 - 0x00007ffbd9fa2000 	D:\360\Total Security\safemon\libzdtp64.dll
0x00007ffc2db50000 - 0x00007ffc2e34a000 	C:\WINDOWS\System32\SHELL32.dll
0x00007ffc2d0f0000 - 0x00007ffc2d14e000 	C:\WINDOWS\System32\SHLWAPI.dll
0x00007ffc2c0a0000 - 0x00007ffc2c0aa000 	C:\WINDOWS\SYSTEM32\VERSION.dll
0x00007ffc1c000000 - 0x00007ffc1c00c000 	D:\ECLIPSE\pool\plugins\org.eclipse.justj.openjdk.hotspot.jre.full.win32.x86_64_17.0.8.v20230831-1047\jre\bin\vcruntime140_1.dll
0x00007ffc149c0000 - 0x00007ffc14a51000 	D:\ECLIPSE\pool\plugins\org.eclipse.justj.openjdk.hotspot.jre.full.win32.x86_64_17.0.8.v20230831-1047\jre\bin\msvcp140.dll
0x00007ffbb09d0000 - 0x00007ffbb161c000 	D:\ECLIPSE\pool\plugins\org.eclipse.justj.openjdk.hotspot.jre.full.win32.x86_64_17.0.8.v20230831-1047\jre\bin\server\jvm.dll
0x00007ffc2c360000 - 0x00007ffc2c3ad000 	C:\WINDOWS\SYSTEM32\POWRPROF.dll
0x00007ffc23660000 - 0x00007ffc23694000 	C:\WINDOWS\SYSTEM32\WINMM.dll
0x00007ffc27e20000 - 0x00007ffc27e29000 	C:\WINDOWS\SYSTEM32\WSOCK32.dll
0x00007ffc2e490000 - 0x00007ffc2e501000 	C:\WINDOWS\System32\WS2_32.dll
0x00007ffc2c290000 - 0x00007ffc2c2a3000 	C:\WINDOWS\SYSTEM32\UMPDC.dll
0x00007ffc2b670000 - 0x00007ffc2b688000 	C:\WINDOWS\SYSTEM32\kernel.appcore.dll
0x00007ffc1fbb0000 - 0x00007ffc1fbba000 	D:\ECLIPSE\pool\plugins\org.eclipse.justj.openjdk.hotspot.jre.full.win32.x86_64_17.0.8.v20230831-1047\jre\bin\jimage.dll
0x00007ffc24e60000 - 0x00007ffc2508e000 	C:\WINDOWS\SYSTEM32\DBGHELP.DLL
0x00007ffc2d200000 - 0x00007ffc2d589000 	C:\WINDOWS\System32\combase.dll
0x00007ffc2d8c0000 - 0x00007ffc2d997000 	C:\WINDOWS\System32\OLEAUT32.dll
0x00007ffc17e10000 - 0x00007ffc17e42000 	C:\WINDOWS\SYSTEM32\dbgcore.DLL
0x00007ffc2cec0000 - 0x00007ffc2cf3b000 	C:\WINDOWS\System32\bcryptPrimitives.dll
0x00007ffc1f700000 - 0x00007ffc1f725000 	D:\ECLIPSE\pool\plugins\org.eclipse.justj.openjdk.hotspot.jre.full.win32.x86_64_17.0.8.v20230831-1047\jre\bin\java.dll

dbghelp: loaded successfully - version: 4.0.5 - missing functions: none
symbol engine: initialized successfully - sym options: 0x614 - pdb path: .;D:\ECLIPSE\pool\plugins\org.eclipse.justj.openjdk.hotspot.jre.full.win32.x86_64_17.0.8.v20230831-1047\jre\bin;C:\WINDOWS\SYSTEM32;C:\WINDOWS\WinSxS\amd64_microsoft.windows.common-controls_6595b64144ccf1df_6.0.22621.1635_none_270f70857386168e;D:\360\Total Security\safemon;D:\ECLIPSE\pool\plugins\org.eclipse.justj.openjdk.hotspot.jre.full.win32.x86_64_17.0.8.v20230831-1047\jre\bin\server

VM Arguments:
jvm_args: -Dfile.encoding=UTF-8 --module-path=D:\USUARIO\Music\workspace\proyecto\bin -XX:+ShowCodeDetailsInExceptionMessages -Djdk.module.main=proyecto 
java_command: proyecto/presentacion.Principal
java_class_path (initial): <not set>
Launcher Type: SUN_STANDARD

[Global flags]
     intx CICompilerCount                          = 4                                         {product} {ergonomic}
     uint ConcGCThreads                            = 3                                         {product} {ergonomic}
     uint G1ConcRefinementThreads                  = 10                                        {product} {ergonomic}
   size_t G1HeapRegionSize                         = 2097152                                   {product} {ergonomic}
    uintx GCDrainStackTargetSize                   = 64                                        {product} {ergonomic}
   size_t InitialHeapSize                          = 234881024                                 {product} {ergonomic}
   size_t MarkStackSize                            = 4194304                                   {product} {ergonomic}
   size_t MaxHeapSize                              = 3730833408                                {product} {ergonomic}
   size_t MinHeapDeltaBytes                        = 2097152                                   {product} {ergonomic}
   size_t MinHeapSize                              = 8388608                                   {product} {ergonomic}
    uintx NonNMethodCodeHeapSize                   = 5839372                                {pd product} {ergonomic}
    uintx NonProfiledCodeHeapSize                  = 122909434                              {pd product} {ergonomic}
    uintx ProfiledCodeHeapSize                     = 122909434                              {pd product} {ergonomic}
    uintx ReservedCodeCacheSize                    = 251658240                              {pd product} {ergonomic}
     bool SegmentedCodeCache                       = true                                      {product} {ergonomic}
     bool ShowCodeDetailsInExceptionMessages       = true                                   {manageable} {command line}
   size_t SoftMaxHeapSize                          = 3730833408                             {manageable} {ergonomic}
     bool UseCompressedClassPointers               = true                           {product lp64_product} {ergonomic}
     bool UseCompressedOops                        = true                           {product lp64_product} {ergonomic}
     bool UseG1GC                                  = true                                      {product} {ergonomic}
     bool UseLargePagesIndividualAllocation        = false                                  {pd product} {ergonomic}

Logging:
Log output configuration:
 #0: stdout all=warning uptime,level,tags
 #1: stderr all=off uptime,level,tags

Environment Variables:
PATH=D:/ECLIPSE/pool/plugins/org.eclipse.justj.openjdk.hotspot.jre.full.win32.x86_64_17.0.8.v20230831-1047/jre/bin/server;D:/ECLIPSE/pool/plugins/org.eclipse.justj.openjdk.hotspot.jre.full.win32.x86_64_17.0.8.v20230831-1047/jre/bin;C:\Program Files (x86)\Common Files\Oracle\Java\javapath;C:\WINDOWS\system32;C:\WINDOWS;C:\WINDOWS\System32\Wbem;C:\WINDOWS\System32\WindowsPowerShell\v1.0\;C:\WINDOWS\System32\OpenSSH\;C:\Users\USUARIO\AppData\Local\Microsoft\WindowsApps;C:\Users\USUARIO\AppData\Local\gitkraken\bin;D:\USUARIO\Desktop;
USERNAME=USUARIO
OS=Windows_NT
PROCESSOR_IDENTIFIER=AMD64 Family 25 Model 80 Stepping 0, AuthenticAMD
TMP=C:\Users\USUARIO\AppData\Local\Temp
TEMP=C:\Users\USUARIO\AppData\Local\Temp



---------------  S Y S T E M  ---------------

OS:
 Windows 11 , 64 bit Build 22621 (10.0.22621.1778)
OS uptime: 0 days 4:16 hours

CPU: total 12 (initial active 12) (12 cores per cpu, 2 threads per core) family 25 model 80 stepping 0 microcode 0x0, cx8, cmov, fxsr, ht, mmx, 3dnowpref, sse, sse2, sse3, ssse3, sse4a, sse4.1, sse4.2, popcnt, lzcnt, tsc, tscinvbit, avx, avx2, aes, erms, clmul, bmi1, bmi2, adx, sha, fma, vzeroupper, clflush, clflushopt
Processor Information for all 12 processors :
  Max Mhz: 3901, Current Mhz: 3901, Mhz Limit: 3901

Memory: 4k page, system-wide physical 14229M (7732M free)
TotalPageFile size 14317M (AvailPageFile size 16M)
current process WorkingSet (physical memory assigned to process): 12M, peak: 12M
current process commit charge ("private bytes"): 64M, peak: 288M

vm_info: OpenJDK 64-Bit Server VM (17.0.8.1+1) for windows-amd64 JRE (17.0.8.1+1), built on Aug 23 2023 15:29:17 by "admin" with MS VC++ 16.7 (VS2019)

END.
