#
# There is insufficient memory for the Java Runtime Environment to continue.
# Native memory allocation (mmap) failed to map 234881024 bytes for G1 virtual space
# Possible reasons:
#   The system is out of physical RAM or swap space
#   The process is running with CompressedOops enabled, and the Java Heap may be blocking the growth of the native heap
# Possible solutions:
#   Reduce memory load on the system
#   Increase physical memory or swap space
#   Check if swap backing store is full
#   Decrease Java heap size (-Xmx/-Xms)
#   Decrease number of Java threads
#   Decrease Java thread stack sizes (-Xss)
#   Set larger code cache with -XX:ReservedCodeCacheSize=
#   JVM is running with Zero Based Compressed Oops mode in which the Java heap is
#     placed in the first 32GB address space. The Java Heap base address is the
#     maximum limit for the native heap growth. Please use -XX:HeapBaseMinAddress
#     to set the Java Heap base and to place the Java Heap above 32GB virtual address.
# This output file may be truncated or incomplete.
#
#  Out of Memory Error (os_windows.cpp:3617), pid=8532, tid=4280
#
# JRE version:  (17.0.8.1+1) (build )
# Java VM: OpenJDK 64-Bit Server VM (17.0.8.1+1, mixed mode, sharing, tiered, compressed oops, compressed class ptrs, g1 gc, windows-amd64)
# No core dump will be written. Minidumps are not enabled by default on client versions of Windows
#

---------------  S U M M A R Y ------------

Command Line: -Dfile.encoding=UTF-8 --module-path=D:\USUARIO\Music\workspace\proyecto\bin -XX:+ShowCodeDetailsInExceptionMessages -Djdk.module.main=proyecto proyecto/presentacion.Principal

Host: AMD Ryzen 5 5600G with Radeon Graphics         , 12 cores, 13G,  Windows 11 , 64 bit Build 22621 (10.0.22621.1778)
Time: Mon Oct 16 16:28:01 2023 Hora est. Pacífico, Sudamérica elapsed time: 0.032544 seconds (0d 0h 0m 0s)

---------------  T H R E A D  ---------------

Current thread (0x0000016fe95d29f0):  JavaThread "Unknown thread" [_thread_in_vm, id=4280, stack(0x0000003f7a400000,0x0000003f7a500000)]

Stack: [0x0000003f7a400000,0x0000003f7a500000]
Native frames: (J=compiled Java code, j=interpreted, Vv=VM code, C=native code)
V  [jvm.dll+0x678b0a]
V  [jvm.dll+0x835e84]
V  [jvm.dll+0x83762e]
V  [jvm.dll+0x837c93]
V  [jvm.dll+0x24746f]
V  [jvm.dll+0x675859]
V  [jvm.dll+0x66a0ea]
V  [jvm.dll+0x306c7b]
V  [jvm.dll+0x30e166]
V  [jvm.dll+0x35dd3e]
V  [jvm.dll+0x35df6f]
V  [jvm.dll+0x2ddb48]
V  [jvm.dll+0x2deab4]
V  [jvm.dll+0x807f31]
V  [jvm.dll+0x36bb21]
V  [jvm.dll+0x7e733c]
V  [jvm.dll+0x3ee4af]
V  [jvm.dll+0x3f00c1]
C  [jli.dll+0x528b]
C  [ucrtbase.dll+0x29363]
C  [KERNEL32.DLL+0x126ad]
C  [ntdll.dll+0x5a9f8]


---------------  P R O C E S S  ---------------

Threads class SMR info:
_java_thread_list=0x00007ffb2053a018, length=0, elements={
}

Java Threads: ( => current thread )

Other Threads:
  0x0000016fe96352a0 GCTaskThread "GC Thread#0" [stack: 0x0000003f7a500000,0x0000003f7a600000] [id=4332]
  0x0000016fe9644940 ConcurrentGCThread "G1 Main Marker" [stack: 0x0000003f7a600000,0x0000003f7a700000] [id=5556]
  0x0000016fe96457c0 ConcurrentGCThread "G1 Conc#0" [stack: 0x0000003f7a700000,0x0000003f7a800000] [id=13616]

[error occurred during error reporting (printing all threads), id 0xc0000005, EXCEPTION_ACCESS_VIOLATION (0xc0000005) at pc=0x00007ffb1fd0e587]

VM state: not at safepoint (not fully initialized)

VM Mutex/Monitor currently owned by a thread:  ([mutex/lock_event])
[0x0000016fe95ceb50] Heap_lock - owner thread: 0x0000016fe95d29f0

Heap address: 0x0000000721a00000, size: 3558 MB, Compressed Oops mode: Zero based, Oop shift amount: 3

CDS archive(s) mapped at: [0x0000000000000000-0x0000000000000000-0x0000000000000000), size 0, SharedBaseAddress: 0x0000000800000000, ArchiveRelocationMode: 1.
Narrow klass base: 0x0000000000000000, Narrow klass shift: 0, Narrow klass range: 0x0

GC Precious Log:
<Empty>

Heap:
 garbage-first heap   total 0K, used 0K [0x0000000721a00000, 0x0000000800000000)
  region size 2048K, 0 young (0K), 0 survivors (0K)

[error occurred during error reporting (printing heap information), id 0xc0000005, EXCEPTION_ACCESS_VIOLATION (0xc0000005) at pc=0x00007ffb200f2699]

GC Heap History (0 events):
No events

Dll operation events (1 events):
Event: 0.005 Loaded shared library D:\ECLIPSE\pool\plugins\org.eclipse.justj.openjdk.hotspot.jre.full.win32.x86_64_17.0.8.v20230831-1047\jre\bin\java.dll

Deoptimization events (0 events):
No events

Classes unloaded (0 events):
No events

Classes redefined (0 events):
No events

Internal exceptions (0 events):
No events

VM Operations (0 events):
No events

Events (0 events):
No events


Dynamic libraries:
0x00007ff6b7d60000 - 0x00007ff6b7d6e000 	D:\ECLIPSE\pool\plugins\org.eclipse.justj.openjdk.hotspot.jre.full.win32.x86_64_17.0.8.v20230831-1047\jre\bin\javaw.exe
0x00007ffb5af70000 - 0x00007ffb5b184000 	C:\WINDOWS\SYSTEM32\ntdll.dll
0x00007ffb5abc0000 - 0x00007ffb5ac82000 	C:\WINDOWS\System32\KERNEL32.DLL
0x00007ffb585f0000 - 0x00007ffb58993000 	C:\WINDOWS\System32\KERNELBASE.dll
0x00007ffb58c30000 - 0x00007ffb58d41000 	C:\WINDOWS\System32\ucrtbase.dll
0x00007ffb4b540000 - 0x00007ffb4b559000 	D:\ECLIPSE\pool\plugins\org.eclipse.justj.openjdk.hotspot.jre.full.win32.x86_64_17.0.8.v20230831-1047\jre\bin\VCRUNTIME140.dll
0x00007ffb4b5a0000 - 0x00007ffb4b5b7000 	D:\ECLIPSE\pool\plugins\org.eclipse.justj.openjdk.hotspot.jre.full.win32.x86_64_17.0.8.v20230831-1047\jre\bin\jli.dll
0x00007ffb59590000 - 0x00007ffb5973b000 	C:\WINDOWS\System32\USER32.dll
0x00007ffb41370000 - 0x00007ffb415fe000 	C:\WINDOWS\WinSxS\amd64_microsoft.windows.common-controls_6595b64144ccf1df_6.0.22621.1635_none_270f70857386168e\COMCTL32.dll
0x00007ffb58490000 - 0x00007ffb584b6000 	C:\WINDOWS\System32\win32u.dll
0x00007ffb5a210000 - 0x00007ffb5a2b7000 	C:\WINDOWS\System32\msvcrt.dll
0x00007ffb5ac90000 - 0x00007ffb5acb9000 	C:\WINDOWS\System32\GDI32.dll
0x00007ffb58370000 - 0x00007ffb58489000 	C:\WINDOWS\System32\gdi32full.dll
0x00007ffb589a0000 - 0x00007ffb58a3a000 	C:\WINDOWS\System32\msvcp_win.dll
0x00007ffb5a8b0000 - 0x00007ffb5a8e1000 	C:\WINDOWS\System32\IMM32.DLL
0x0000000059fc0000 - 0x0000000059fcc000 	D:\360\Total Security\safemon\SafeWrapper.dll
0x00007ffb5ae80000 - 0x00007ffb5af2e000 	C:\WINDOWS\System32\ADVAPI32.dll
0x00007ffb5ad20000 - 0x00007ffb5adc4000 	C:\WINDOWS\System32\sechost.dll
0x00007ffb5aaa0000 - 0x00007ffb5abb7000 	C:\WINDOWS\System32\RPCRT4.dll
0x00007ffafd370000 - 0x00007ffafd402000 	D:\360\Total Security\safemon\libzdtp64.dll
0x00007ffb59900000 - 0x00007ffb5a0fa000 	C:\WINDOWS\System32\SHELL32.dll
0x00007ffb58d60000 - 0x00007ffb58dbe000 	C:\WINDOWS\System32\SHLWAPI.dll
0x00007ffb57dc0000 - 0x00007ffb57dca000 	C:\WINDOWS\SYSTEM32\VERSION.dll
0x00007ffb4b530000 - 0x00007ffb4b53c000 	D:\ECLIPSE\pool\plugins\org.eclipse.justj.openjdk.hotspot.jre.full.win32.x86_64_17.0.8.v20230831-1047\jre\bin\vcruntime140_1.dll
0x00007ffb483f0000 - 0x00007ffb48481000 	D:\ECLIPSE\pool\plugins\org.eclipse.justj.openjdk.hotspot.jre.full.win32.x86_64_17.0.8.v20230831-1047\jre\bin\msvcp140.dll
0x00007ffb1fa20000 - 0x00007ffb2066c000 	D:\ECLIPSE\pool\plugins\org.eclipse.justj.openjdk.hotspot.jre.full.win32.x86_64_17.0.8.v20230831-1047\jre\bin\server\jvm.dll
0x00007ffb55650000 - 0x00007ffb55659000 	C:\WINDOWS\SYSTEM32\WSOCK32.dll
0x00007ffb58040000 - 0x00007ffb5808d000 	C:\WINDOWS\SYSTEM32\POWRPROF.dll
0x00007ffb4e990000 - 0x00007ffb4e9c4000 	C:\WINDOWS\SYSTEM32\WINMM.dll
0x00007ffb5ae00000 - 0x00007ffb5ae71000 	C:\WINDOWS\System32\WS2_32.dll
0x00007ffb58020000 - 0x00007ffb58033000 	C:\WINDOWS\SYSTEM32\UMPDC.dll
0x00007ffb57300000 - 0x00007ffb57318000 	C:\WINDOWS\SYSTEM32\kernel.appcore.dll
0x00007ffb4b600000 - 0x00007ffb4b60a000 	D:\ECLIPSE\pool\plugins\org.eclipse.justj.openjdk.hotspot.jre.full.win32.x86_64_17.0.8.v20230831-1047\jre\bin\jimage.dll
0x00007ffb50ab0000 - 0x00007ffb50cde000 	C:\WINDOWS\SYSTEM32\DBGHELP.DLL
0x00007ffb58e60000 - 0x00007ffb591e9000 	C:\WINDOWS\System32\combase.dll
0x00007ffb5a7d0000 - 0x00007ffb5a8a7000 	C:\WINDOWS\System32\OLEAUT32.dll
0x00007ffb44220000 - 0x00007ffb44252000 	C:\WINDOWS\SYSTEM32\dbgcore.DLL
0x00007ffb58a40000 - 0x00007ffb58abb000 	C:\WINDOWS\System32\bcryptPrimitives.dll
0x00007ffb48310000 - 0x00007ffb48335000 	D:\ECLIPSE\pool\plugins\org.eclipse.justj.openjdk.hotspot.jre.full.win32.x86_64_17.0.8.v20230831-1047\jre\bin\java.dll

dbghelp: loaded successfully - version: 4.0.5 - missing functions: none
symbol engine: initialized successfully - sym options: 0x614 - pdb path: .;D:\ECLIPSE\pool\plugins\org.eclipse.justj.openjdk.hotspot.jre.full.win32.x86_64_17.0.8.v20230831-1047\jre\bin;C:\WINDOWS\SYSTEM32;C:\WINDOWS\WinSxS\amd64_microsoft.windows.common-controls_6595b64144ccf1df_6.0.22621.1635_none_270f70857386168e;D:\360\Total Security\safemon;D:\ECLIPSE\pool\plugins\org.eclipse.justj.openjdk.hotspot.jre.full.win32.x86_64_17.0.8.v20230831-1047\jre\bin\server

VM Arguments:
jvm_args: -Dfile.encoding=UTF-8 --module-path=D:\USUARIO\Music\workspace\proyecto\bin -XX:+ShowCodeDetailsInExceptionMessages -Djdk.module.main=proyecto 
java_command: proyecto/presentacion.Principal
java_class_path (initial): <not set>
Launcher Type: SUN_STANDARD

[Global flags]
     intx CICompilerCount                          = 4                                         {product} {ergonomic}
     uint ConcGCThreads                            = 3                                         {product} {ergonomic}
     uint G1ConcRefinementThreads                  = 10                                        {product} {ergonomic}
   size_t G1HeapRegionSize                         = 2097152                                   {product} {ergonomic}
    uintx GCDrainStackTargetSize                   = 64                                        {product} {ergonomic}
   size_t InitialHeapSize                          = 234881024                                 {product} {ergonomic}
   size_t MarkStackSize                            = 4194304                                   {product} {ergonomic}
   size_t MaxHeapSize                              = 3730833408                                {product} {ergonomic}
   size_t MinHeapDeltaBytes                        = 2097152                                   {product} {ergonomic}
   size_t MinHeapSize                              = 8388608                                   {product} {ergonomic}
    uintx NonNMethodCodeHeapSize                   = 5839372                                {pd product} {ergonomic}
    uintx NonProfiledCodeHeapSize                  = 122909434                              {pd product} {ergonomic}
    uintx ProfiledCodeHeapSize                     = 122909434                              {pd product} {ergonomic}
    uintx ReservedCodeCacheSize                    = 251658240                              {pd product} {ergonomic}
     bool SegmentedCodeCache                       = true                                      {product} {ergonomic}
     bool ShowCodeDetailsInExceptionMessages       = true                                   {manageable} {command line}
   size_t SoftMaxHeapSize                          = 3730833408                             {manageable} {ergonomic}
     bool UseCompressedClassPointers               = true                           {product lp64_product} {ergonomic}
     bool UseCompressedOops                        = true                           {product lp64_product} {ergonomic}
     bool UseG1GC                                  = true                                      {product} {ergonomic}
     bool UseLargePagesIndividualAllocation        = false                                  {pd product} {ergonomic}

Logging:
Log output configuration:
 #0: stdout all=warning uptime,level,tags
 #1: stderr all=off uptime,level,tags

Environment Variables:
PATH=D:/ECLIPSE/pool/plugins/org.eclipse.justj.openjdk.hotspot.jre.full.win32.x86_64_17.0.8.v20230831-1047/jre/bin/server;D:/ECLIPSE/pool/plugins/org.eclipse.justj.openjdk.hotspot.jre.full.win32.x86_64_17.0.8.v20230831-1047/jre/bin;C:\Program Files (x86)\Common Files\Oracle\Java\javapath;C:\WINDOWS\system32;C:\WINDOWS;C:\WINDOWS\System32\Wbem;C:\WINDOWS\System32\WindowsPowerShell\v1.0\;C:\WINDOWS\System32\OpenSSH\;C:\Users\USUARIO\AppData\Local\Microsoft\WindowsApps;C:\Users\USUARIO\AppData\Local\gitkraken\bin;D:\USUARIO\Desktop;
USERNAME=USUARIO
OS=Windows_NT
PROCESSOR_IDENTIFIER=AMD64 Family 25 Model 80 Stepping 0, AuthenticAMD
TMP=C:\Users\USUARIO\AppData\Local\Temp
TEMP=C:\Users\USUARIO\AppData\Local\Temp



---------------  S Y S T E M  ---------------

OS:
 Windows 11 , 64 bit Build 22621 (10.0.22621.1778)
OS uptime: 0 days 3:44 hours

CPU: total 12 (initial active 12) (12 cores per cpu, 2 threads per core) family 25 model 80 stepping 0 microcode 0x0, cx8, cmov, fxsr, ht, mmx, 3dnowpref, sse, sse2, sse3, ssse3, sse4a, sse4.1, sse4.2, popcnt, lzcnt, tsc, tscinvbit, avx, avx2, aes, erms, clmul, bmi1, bmi2, adx, sha, fma, vzeroupper, clflush, clflushopt
Processor Information for all 12 processors :
  Max Mhz: 3901, Current Mhz: 3901, Mhz Limit: 3901

Memory: 4k page, system-wide physical 14229M (7640M free)
TotalPageFile size 14247M (AvailPageFile size 12M)
current process WorkingSet (physical memory assigned to process): 12M, peak: 12M
current process commit charge ("private bytes"): 64M, peak: 288M

vm_info: OpenJDK 64-Bit Server VM (17.0.8.1+1) for windows-amd64 JRE (17.0.8.1+1), built on Aug 23 2023 15:29:17 by "admin" with MS VC++ 16.7 (VS2019)

END.
