#
# There is insufficient memory for the Java Runtime Environment to continue.
# Native memory allocation (mmap) failed to map 65536 bytes for Failed to commit metaspace.
# Possible reasons:
#   The system is out of physical RAM or swap space
#   The process is running with CompressedOops enabled, and the Java Heap may be blocking the growth of the native heap
# Possible solutions:
#   Reduce memory load on the system
#   Increase physical memory or swap space
#   Check if swap backing store is full
#   Decrease Java heap size (-Xmx/-Xms)
#   Decrease number of Java threads
#   Decrease Java thread stack sizes (-Xss)
#   Set larger code cache with -XX:ReservedCodeCacheSize=
#   JVM is running with Zero Based Compressed Oops mode in which the Java heap is
#     placed in the first 32GB address space. The Java Heap base address is the
#     maximum limit for the native heap growth. Please use -XX:HeapBaseMinAddress
#     to set the Java Heap base and to place the Java Heap above 32GB virtual address.
# This output file may be truncated or incomplete.
#
#  Out of Memory Error (virtualSpaceNode.cpp:110), pid=13760, tid=3960
#
# JRE version: OpenJDK Runtime Environment Temurin-17.0.8.1+1 (17.0.8.1+1) (build 17.0.8.1+1)
# Java VM: OpenJDK 64-Bit Server VM Temurin-17.0.8.1+1 (17.0.8.1+1, mixed mode, tiered, compressed oops, compressed class ptrs, g1 gc, windows-amd64)
# No core dump will be written. Minidumps are not enabled by default on client versions of Windows
#

---------------  S U M M A R Y ------------

Command Line: -Dfile.encoding=UTF-8 --module-path=D:\USUARIO\Music\workspace\proyecto\bin -XX:+ShowCodeDetailsInExceptionMessages -Djdk.module.main=proyecto proyecto/presentacion.Principal

Host: AMD Ryzen 5 5600G with Radeon Graphics         , 12 cores, 13G,  Windows 11 , 64 bit Build 22621 (10.0.22621.1778)
Time: Mon Oct 16 16:37:21 2023 Hora est. Pacífico, Sudamérica elapsed time: 0.087852 seconds (0d 0h 0m 0s)

---------------  T H R E A D  ---------------

Current thread (0x0000022067163df0):  JavaThread "main" [_thread_in_vm, id=3960, stack(0x000000d3cca00000,0x000000d3ccb00000)]

Stack: [0x000000d3cca00000,0x000000d3ccb00000]
Native frames: (J=compiled Java code, j=interpreted, Vv=VM code, C=native code)
V  [jvm.dll+0x678b0a]
V  [jvm.dll+0x835e84]
V  [jvm.dll+0x83762e]
V  [jvm.dll+0x837c93]
V  [jvm.dll+0x24746f]
V  [jvm.dll+0x831f1b]
V  [jvm.dll+0x61d3c6]
V  [jvm.dll+0x61d42a]
V  [jvm.dll+0x61fc5a]
V  [jvm.dll+0x61dd66]
V  [jvm.dll+0x1ebdbe]
V  [jvm.dll+0x1ec87f]
V  [jvm.dll+0x1e1d21]
V  [jvm.dll+0x53fba0]
V  [jvm.dll+0x1f2607]
V  [jvm.dll+0x7b06ab]
V  [jvm.dll+0x7b1a52]
V  [jvm.dll+0x7b1d88]
V  [jvm.dll+0x23f76e]
V  [jvm.dll+0x23f9bf]
V  [jvm.dll+0x55d3f8]
V  [jvm.dll+0x5602a7]
V  [jvm.dll+0x385914]
V  [jvm.dll+0x384f7f]
C  0x0000022071d4a503

Java frames: (J=compiled Java code, j=interpreted, Vv=VM code)
j  jdk.internal.module.ModulePath.readExplodedModule(Ljava/nio/file/Path;)Ljava/lang/module/ModuleReference;+92 java.base@17.0.8.1
j  jdk.internal.module.ModulePath.readModule(Ljava/nio/file/Path;Ljava/nio/file/attribute/BasicFileAttributes;)Ljava/lang/module/ModuleReference;+11 java.base@17.0.8.1
j  jdk.internal.module.ModulePath.scan(Ljava/nio/file/Path;)Ljava/util/Map;+67 java.base@17.0.8.1
j  jdk.internal.module.ModulePath.scanNextEntry()V+23 java.base@17.0.8.1
j  jdk.internal.module.ModulePath.find(Ljava/lang/String;)Ljava/util/Optional;+36 java.base@17.0.8.1
j  java.lang.module.ModuleFinder$2.lambda$find$0(Ljava/lang/String;Ljava/lang/module/ModuleFinder;)Ljava/util/Optional;+2 java.base@17.0.8.1
j  java.lang.module.ModuleFinder$2$$Lambda$1+0x0000000800035210.apply(Ljava/lang/Object;)Ljava/lang/Object;+8 java.base@17.0.8.1
j  java.util.stream.ReferencePipeline$3$1.accept(Ljava/lang/Object;)V+12 java.base@17.0.8.1
j  java.util.AbstractList$RandomAccessSpliterator.tryAdvance(Ljava/util/function/Consumer;)Z+43 java.base@17.0.8.1
j  java.util.stream.ReferencePipeline.forEachWithCancel(Ljava/util/Spliterator;Ljava/util/stream/Sink;)Z+13 java.base@17.0.8.1
j  java.util.stream.AbstractPipeline.copyIntoWithCancel(Ljava/util/stream/Sink;Ljava/util/Spliterator;)Z+32 java.base@17.0.8.1
j  java.util.stream.AbstractPipeline.copyInto(Ljava/util/stream/Sink;Ljava/util/Spliterator;)V+49 java.base@17.0.8.1
j  java.util.stream.AbstractPipeline.wrapAndCopyInto(Ljava/util/stream/Sink;Ljava/util/Spliterator;)Ljava/util/stream/Sink;+13 java.base@17.0.8.1
j  java.util.stream.FindOps$FindOp.evaluateSequential(Ljava/util/stream/PipelineHelper;Ljava/util/Spliterator;)Ljava/lang/Object;+14 java.base@17.0.8.1
j  java.util.stream.AbstractPipeline.evaluate(Ljava/util/stream/TerminalOp;)Ljava/lang/Object;+88 java.base@17.0.8.1
j  java.util.stream.ReferencePipeline.findFirst()Ljava/util/Optional;+5 java.base@17.0.8.1
j  java.lang.module.ModuleFinder$2.find(Ljava/lang/String;)Ljava/util/Optional;+53 java.base@17.0.8.1
j  java.lang.module.Resolver.findWithBeforeFinder(Ljava/lang/String;)Ljava/lang/module/ModuleReference;+5 java.base@17.0.8.1
j  java.lang.module.Resolver.resolve(Ljava/util/Collection;)Ljava/lang/module/Resolver;+38 java.base@17.0.8.1
j  java.lang.module.Configuration.resolveAndBind(Ljava/lang/module/ModuleFinder;Ljava/util/Collection;Ljava/io/PrintStream;)Ljava/lang/module/Configuration;+29 java.base@17.0.8.1
j  java.lang.module.ModuleDescriptor$1.resolveAndBind(Ljava/lang/module/ModuleFinder;Ljava/util/Collection;Ljava/io/PrintStream;)Ljava/lang/module/Configuration;+3 java.base@17.0.8.1
j  jdk.internal.module.Modules.newBootLayerConfiguration(Ljava/lang/module/ModuleFinder;Ljava/util/Collection;Ljava/io/PrintStream;)Ljava/lang/module/Configuration;+6 java.base@17.0.8.1
j  jdk.internal.module.ModuleBootstrap.boot2()Ljava/lang/ModuleLayer;+896 java.base@17.0.8.1
j  jdk.internal.module.ModuleBootstrap.boot()Ljava/lang/ModuleLayer;+64 java.base@17.0.8.1
j  java.lang.System.initPhase2(ZZ)I+0 java.base@17.0.8.1
v  ~StubRoutines::call_stub

---------------  P R O C E S S  ---------------

Threads class SMR info:
_java_thread_list=0x0000022005972c70, length=11, elements={
0x0000022067163df0, 0x00000220057d8780, 0x00000220057db060, 0x000002200583a7e0,
0x000002200582c410, 0x000002200582cce0, 0x00000220058315c0, 0x0000022005840240,
0x0000022005840d60, 0x0000022005841670, 0x000002207f56d3c0
}

Java Threads: ( => current thread )
=>0x0000022067163df0 JavaThread "main" [_thread_in_vm, id=3960, stack(0x000000d3cca00000,0x000000d3ccb00000)]
  0x00000220057d8780 JavaThread "Reference Handler" daemon [_thread_blocked, id=14108, stack(0x000000d3cd100000,0x000000d3cd200000)]
  0x00000220057db060 JavaThread "Finalizer" daemon [_thread_blocked, id=12228, stack(0x000000d3cd200000,0x000000d3cd300000)]
  0x000002200583a7e0 JavaThread "Signal Dispatcher" daemon [_thread_blocked, id=11460, stack(0x000000d3cd300000,0x000000d3cd400000)]
  0x000002200582c410 JavaThread "Attach Listener" daemon [_thread_blocked, id=5180, stack(0x000000d3cd400000,0x000000d3cd500000)]
  0x000002200582cce0 JavaThread "Service Thread" daemon [_thread_blocked, id=5944, stack(0x000000d3cd500000,0x000000d3cd600000)]
  0x00000220058315c0 JavaThread "Monitor Deflation Thread" daemon [_thread_blocked, id=6184, stack(0x000000d3cd600000,0x000000d3cd700000)]
  0x0000022005840240 JavaThread "C2 CompilerThread0" daemon [_thread_blocked, id=6584, stack(0x000000d3cd700000,0x000000d3cd800000)]
  0x0000022005840d60 JavaThread "C1 CompilerThread0" daemon [_thread_blocked, id=13024, stack(0x000000d3cd800000,0x000000d3cd900000)]
  0x0000022005841670 JavaThread "Sweeper thread" daemon [_thread_blocked, id=12872, stack(0x000000d3cd900000,0x000000d3cda00000)]
  0x000002207f56d3c0 JavaThread "Common-Cleaner" daemon [_thread_blocked, id=3744, stack(0x000000d3cda00000,0x000000d3cdb00000)]

Other Threads:
  0x00000220057d26c0 VMThread "VM Thread" [stack: 0x000000d3cd000000,0x000000d3cd100000] [id=13352]
  0x00000220671c62a0 GCTaskThread "GC Thread#0" [stack: 0x000000d3ccb00000,0x000000d3ccc00000] [id=5616]
  0x00000220671d59b0 ConcurrentGCThread "G1 Main Marker" [stack: 0x000000d3ccc00000,0x000000d3ccd00000] [id=9920]
  0x00000220671d7e80 ConcurrentGCThread "G1 Conc#0" [stack: 0x000000d3ccd00000,0x000000d3cce00000] [id=9864]
  0x000002207f433610 ConcurrentGCThread "G1 Refine#0" [stack: 0x000000d3cce00000,0x000000d3ccf00000] [id=2952]
  0x000002207f434e00 ConcurrentGCThread "G1 Service" [stack: 0x000000d3ccf00000,0x000000d3cd000000] [id=5340]

Threads with active compile tasks:

VM state: not at safepoint (normal execution)

VM Mutex/Monitor currently owned by a thread:  ([mutex/lock_event])
[0x0000022067151c50] Metaspace_lock - owner thread: 0x0000022067163df0

Heap address: 0x0000000721a00000, size: 3558 MB, Compressed Oops mode: Zero based, Oop shift amount: 3

CDS archive(s) not mapped
Compressed class space mapped at: 0x0000000800000000-0x0000000840000000, reserved size: 1073741824
Narrow klass base: 0x0000000800000000, Narrow klass shift: 0, Narrow klass range: 0x40000000

GC Precious Log:
 CPUs: 12 total, 12 available
 Memory: 14229M
 Large Page Support: Disabled
 NUMA Support: Disabled
 Compressed Oops: Enabled (Zero based)
 Heap Region Size: 2M
 Heap Min Capacity: 8M
 Heap Initial Capacity: 224M
 Heap Max Capacity: 3558M
 Pre-touch: Disabled
 Parallel Workers: 10
 Concurrent Workers: 3
 Concurrent Refinement Workers: 10
 Periodic GC: Disabled

Heap:
 garbage-first heap   total 229376K, used 0K [0x0000000721a00000, 0x0000000800000000)
  region size 2048K, 1 young (2048K), 0 survivors (0K)
 Metaspace       used 5678K, committed 5760K, reserved 1114112K
  class space    used 490K, committed 512K, reserved 1048576K

Heap Regions: E=young(eden), S=young(survivor), O=old, HS=humongous(starts), HC=humongous(continues), CS=collection set, F=free, OA=open archive, CA=closed archive, TAMS=top-at-mark-start (previous, next)
|   0|0x0000000721a00000, 0x0000000721a00000, 0x0000000721c00000|  0%| F|  |TAMS 0x0000000721a00000, 0x0000000721a00000| Untracked 
|   1|0x0000000721c00000, 0x0000000721c00000, 0x0000000721e00000|  0%| F|  |TAMS 0x0000000721c00000, 0x0000000721c00000| Untracked 
|   2|0x0000000721e00000, 0x0000000721e00000, 0x0000000722000000|  0%| F|  |TAMS 0x0000000721e00000, 0x0000000721e00000| Untracked 
|   3|0x0000000722000000, 0x0000000722000000, 0x0000000722200000|  0%| F|  |TAMS 0x0000000722000000, 0x0000000722000000| Untracked 
|   4|0x0000000722200000, 0x0000000722200000, 0x0000000722400000|  0%| F|  |TAMS 0x0000000722200000, 0x0000000722200000| Untracked 
|   5|0x0000000722400000, 0x0000000722400000, 0x0000000722600000|  0%| F|  |TAMS 0x0000000722400000, 0x0000000722400000| Untracked 
|   6|0x0000000722600000, 0x0000000722600000, 0x0000000722800000|  0%| F|  |TAMS 0x0000000722600000, 0x0000000722600000| Untracked 
|   7|0x0000000722800000, 0x0000000722800000, 0x0000000722a00000|  0%| F|  |TAMS 0x0000000722800000, 0x0000000722800000| Untracked 
|   8|0x0000000722a00000, 0x0000000722a00000, 0x0000000722c00000|  0%| F|  |TAMS 0x0000000722a00000, 0x0000000722a00000| Untracked 
|   9|0x0000000722c00000, 0x0000000722c00000, 0x0000000722e00000|  0%| F|  |TAMS 0x0000000722c00000, 0x0000000722c00000| Untracked 
|  10|0x0000000722e00000, 0x0000000722e00000, 0x0000000723000000|  0%| F|  |TAMS 0x0000000722e00000, 0x0000000722e00000| Untracked 
|  11|0x0000000723000000, 0x0000000723000000, 0x0000000723200000|  0%| F|  |TAMS 0x0000000723000000, 0x0000000723000000| Untracked 
|  12|0x0000000723200000, 0x0000000723200000, 0x0000000723400000|  0%| F|  |TAMS 0x0000000723200000, 0x0000000723200000| Untracked 
|  13|0x0000000723400000, 0x0000000723400000, 0x0000000723600000|  0%| F|  |TAMS 0x0000000723400000, 0x0000000723400000| Untracked 
|  14|0x0000000723600000, 0x0000000723600000, 0x0000000723800000|  0%| F|  |TAMS 0x0000000723600000, 0x0000000723600000| Untracked 
|  15|0x0000000723800000, 0x0000000723800000, 0x0000000723a00000|  0%| F|  |TAMS 0x0000000723800000, 0x0000000723800000| Untracked 
|  16|0x0000000723a00000, 0x0000000723a00000, 0x0000000723c00000|  0%| F|  |TAMS 0x0000000723a00000, 0x0000000723a00000| Untracked 
|  17|0x0000000723c00000, 0x0000000723c00000, 0x0000000723e00000|  0%| F|  |TAMS 0x0000000723c00000, 0x0000000723c00000| Untracked 
|  18|0x0000000723e00000, 0x0000000723e00000, 0x0000000724000000|  0%| F|  |TAMS 0x0000000723e00000, 0x0000000723e00000| Untracked 
|  19|0x0000000724000000, 0x0000000724000000, 0x0000000724200000|  0%| F|  |TAMS 0x0000000724000000, 0x0000000724000000| Untracked 
|  20|0x0000000724200000, 0x0000000724200000, 0x0000000724400000|  0%| F|  |TAMS 0x0000000724200000, 0x0000000724200000| Untracked 
|  21|0x0000000724400000, 0x0000000724400000, 0x0000000724600000|  0%| F|  |TAMS 0x0000000724400000, 0x0000000724400000| Untracked 
|  22|0x0000000724600000, 0x0000000724600000, 0x0000000724800000|  0%| F|  |TAMS 0x0000000724600000, 0x0000000724600000| Untracked 
|  23|0x0000000724800000, 0x0000000724800000, 0x0000000724a00000|  0%| F|  |TAMS 0x0000000724800000, 0x0000000724800000| Untracked 
|  24|0x0000000724a00000, 0x0000000724a00000, 0x0000000724c00000|  0%| F|  |TAMS 0x0000000724a00000, 0x0000000724a00000| Untracked 
|  25|0x0000000724c00000, 0x0000000724c00000, 0x0000000724e00000|  0%| F|  |TAMS 0x0000000724c00000, 0x0000000724c00000| Untracked 
|  26|0x0000000724e00000, 0x0000000724e00000, 0x0000000725000000|  0%| F|  |TAMS 0x0000000724e00000, 0x0000000724e00000| Untracked 
|  27|0x0000000725000000, 0x0000000725000000, 0x0000000725200000|  0%| F|  |TAMS 0x0000000725000000, 0x0000000725000000| Untracked 
|  28|0x0000000725200000, 0x0000000725200000, 0x0000000725400000|  0%| F|  |TAMS 0x0000000725200000, 0x0000000725200000| Untracked 
|  29|0x0000000725400000, 0x0000000725400000, 0x0000000725600000|  0%| F|  |TAMS 0x0000000725400000, 0x0000000725400000| Untracked 
|  30|0x0000000725600000, 0x0000000725600000, 0x0000000725800000|  0%| F|  |TAMS 0x0000000725600000, 0x0000000725600000| Untracked 
|  31|0x0000000725800000, 0x0000000725800000, 0x0000000725a00000|  0%| F|  |TAMS 0x0000000725800000, 0x0000000725800000| Untracked 
|  32|0x0000000725a00000, 0x0000000725a00000, 0x0000000725c00000|  0%| F|  |TAMS 0x0000000725a00000, 0x0000000725a00000| Untracked 
|  33|0x0000000725c00000, 0x0000000725c00000, 0x0000000725e00000|  0%| F|  |TAMS 0x0000000725c00000, 0x0000000725c00000| Untracked 
|  34|0x0000000725e00000, 0x0000000725e00000, 0x0000000726000000|  0%| F|  |TAMS 0x0000000725e00000, 0x0000000725e00000| Untracked 
|  35|0x0000000726000000, 0x0000000726000000, 0x0000000726200000|  0%| F|  |TAMS 0x0000000726000000, 0x0000000726000000| Untracked 
|  36|0x0000000726200000, 0x0000000726200000, 0x0000000726400000|  0%| F|  |TAMS 0x0000000726200000, 0x0000000726200000| Untracked 
|  37|0x0000000726400000, 0x0000000726400000, 0x0000000726600000|  0%| F|  |TAMS 0x0000000726400000, 0x0000000726400000| Untracked 
|  38|0x0000000726600000, 0x0000000726600000, 0x0000000726800000|  0%| F|  |TAMS 0x0000000726600000, 0x0000000726600000| Untracked 
|  39|0x0000000726800000, 0x0000000726800000, 0x0000000726a00000|  0%| F|  |TAMS 0x0000000726800000, 0x0000000726800000| Untracked 
|  40|0x0000000726a00000, 0x0000000726a00000, 0x0000000726c00000|  0%| F|  |TAMS 0x0000000726a00000, 0x0000000726a00000| Untracked 
|  41|0x0000000726c00000, 0x0000000726c00000, 0x0000000726e00000|  0%| F|  |TAMS 0x0000000726c00000, 0x0000000726c00000| Untracked 
|  42|0x0000000726e00000, 0x0000000726e00000, 0x0000000727000000|  0%| F|  |TAMS 0x0000000726e00000, 0x0000000726e00000| Untracked 
|  43|0x0000000727000000, 0x0000000727000000, 0x0000000727200000|  0%| F|  |TAMS 0x0000000727000000, 0x0000000727000000| Untracked 
|  44|0x0000000727200000, 0x0000000727200000, 0x0000000727400000|  0%| F|  |TAMS 0x0000000727200000, 0x0000000727200000| Untracked 
|  45|0x0000000727400000, 0x0000000727400000, 0x0000000727600000|  0%| F|  |TAMS 0x0000000727400000, 0x0000000727400000| Untracked 
|  46|0x0000000727600000, 0x0000000727600000, 0x0000000727800000|  0%| F|  |TAMS 0x0000000727600000, 0x0000000727600000| Untracked 
|  47|0x0000000727800000, 0x0000000727800000, 0x0000000727a00000|  0%| F|  |TAMS 0x0000000727800000, 0x0000000727800000| Untracked 
|  48|0x0000000727a00000, 0x0000000727a00000, 0x0000000727c00000|  0%| F|  |TAMS 0x0000000727a00000, 0x0000000727a00000| Untracked 
|  49|0x0000000727c00000, 0x0000000727c00000, 0x0000000727e00000|  0%| F|  |TAMS 0x0000000727c00000, 0x0000000727c00000| Untracked 
|  50|0x0000000727e00000, 0x0000000727e00000, 0x0000000728000000|  0%| F|  |TAMS 0x0000000727e00000, 0x0000000727e00000| Untracked 
|  51|0x0000000728000000, 0x0000000728000000, 0x0000000728200000|  0%| F|  |TAMS 0x0000000728000000, 0x0000000728000000| Untracked 
|  52|0x0000000728200000, 0x0000000728200000, 0x0000000728400000|  0%| F|  |TAMS 0x0000000728200000, 0x0000000728200000| Untracked 
|  53|0x0000000728400000, 0x0000000728400000, 0x0000000728600000|  0%| F|  |TAMS 0x0000000728400000, 0x0000000728400000| Untracked 
|  54|0x0000000728600000, 0x0000000728600000, 0x0000000728800000|  0%| F|  |TAMS 0x0000000728600000, 0x0000000728600000| Untracked 
|  55|0x0000000728800000, 0x0000000728800000, 0x0000000728a00000|  0%| F|  |TAMS 0x0000000728800000, 0x0000000728800000| Untracked 
|  56|0x0000000728a00000, 0x0000000728a00000, 0x0000000728c00000|  0%| F|  |TAMS 0x0000000728a00000, 0x0000000728a00000| Untracked 
|  57|0x0000000728c00000, 0x0000000728c00000, 0x0000000728e00000|  0%| F|  |TAMS 0x0000000728c00000, 0x0000000728c00000| Untracked 
|  58|0x0000000728e00000, 0x0000000728e00000, 0x0000000729000000|  0%| F|  |TAMS 0x0000000728e00000, 0x0000000728e00000| Untracked 
|  59|0x0000000729000000, 0x0000000729000000, 0x0000000729200000|  0%| F|  |TAMS 0x0000000729000000, 0x0000000729000000| Untracked 
|  60|0x0000000729200000, 0x0000000729200000, 0x0000000729400000|  0%| F|  |TAMS 0x0000000729200000, 0x0000000729200000| Untracked 
|  61|0x0000000729400000, 0x0000000729400000, 0x0000000729600000|  0%| F|  |TAMS 0x0000000729400000, 0x0000000729400000| Untracked 
|  62|0x0000000729600000, 0x0000000729600000, 0x0000000729800000|  0%| F|  |TAMS 0x0000000729600000, 0x0000000729600000| Untracked 
|  63|0x0000000729800000, 0x0000000729800000, 0x0000000729a00000|  0%| F|  |TAMS 0x0000000729800000, 0x0000000729800000| Untracked 
|  64|0x0000000729a00000, 0x0000000729a00000, 0x0000000729c00000|  0%| F|  |TAMS 0x0000000729a00000, 0x0000000729a00000| Untracked 
|  65|0x0000000729c00000, 0x0000000729c00000, 0x0000000729e00000|  0%| F|  |TAMS 0x0000000729c00000, 0x0000000729c00000| Untracked 
|  66|0x0000000729e00000, 0x0000000729e00000, 0x000000072a000000|  0%| F|  |TAMS 0x0000000729e00000, 0x0000000729e00000| Untracked 
|  67|0x000000072a000000, 0x000000072a000000, 0x000000072a200000|  0%| F|  |TAMS 0x000000072a000000, 0x000000072a000000| Untracked 
|  68|0x000000072a200000, 0x000000072a200000, 0x000000072a400000|  0%| F|  |TAMS 0x000000072a200000, 0x000000072a200000| Untracked 
|  69|0x000000072a400000, 0x000000072a400000, 0x000000072a600000|  0%| F|  |TAMS 0x000000072a400000, 0x000000072a400000| Untracked 
|  70|0x000000072a600000, 0x000000072a600000, 0x000000072a800000|  0%| F|  |TAMS 0x000000072a600000, 0x000000072a600000| Untracked 
|  71|0x000000072a800000, 0x000000072a800000, 0x000000072aa00000|  0%| F|  |TAMS 0x000000072a800000, 0x000000072a800000| Untracked 
|  72|0x000000072aa00000, 0x000000072aa00000, 0x000000072ac00000|  0%| F|  |TAMS 0x000000072aa00000, 0x000000072aa00000| Untracked 
|  73|0x000000072ac00000, 0x000000072ac00000, 0x000000072ae00000|  0%| F|  |TAMS 0x000000072ac00000, 0x000000072ac00000| Untracked 
|  74|0x000000072ae00000, 0x000000072ae00000, 0x000000072b000000|  0%| F|  |TAMS 0x000000072ae00000, 0x000000072ae00000| Untracked 
|  75|0x000000072b000000, 0x000000072b000000, 0x000000072b200000|  0%| F|  |TAMS 0x000000072b000000, 0x000000072b000000| Untracked 
|  76|0x000000072b200000, 0x000000072b200000, 0x000000072b400000|  0%| F|  |TAMS 0x000000072b200000, 0x000000072b200000| Untracked 
|  77|0x000000072b400000, 0x000000072b400000, 0x000000072b600000|  0%| F|  |TAMS 0x000000072b400000, 0x000000072b400000| Untracked 
|  78|0x000000072b600000, 0x000000072b600000, 0x000000072b800000|  0%| F|  |TAMS 0x000000072b600000, 0x000000072b600000| Untracked 
|  79|0x000000072b800000, 0x000000072b800000, 0x000000072ba00000|  0%| F|  |TAMS 0x000000072b800000, 0x000000072b800000| Untracked 
|  80|0x000000072ba00000, 0x000000072ba00000, 0x000000072bc00000|  0%| F|  |TAMS 0x000000072ba00000, 0x000000072ba00000| Untracked 
|  81|0x000000072bc00000, 0x000000072bc00000, 0x000000072be00000|  0%| F|  |TAMS 0x000000072bc00000, 0x000000072bc00000| Untracked 
|  82|0x000000072be00000, 0x000000072be00000, 0x000000072c000000|  0%| F|  |TAMS 0x000000072be00000, 0x000000072be00000| Untracked 
|  83|0x000000072c000000, 0x000000072c000000, 0x000000072c200000|  0%| F|  |TAMS 0x000000072c000000, 0x000000072c000000| Untracked 
|  84|0x000000072c200000, 0x000000072c200000, 0x000000072c400000|  0%| F|  |TAMS 0x000000072c200000, 0x000000072c200000| Untracked 
|  85|0x000000072c400000, 0x000000072c400000, 0x000000072c600000|  0%| F|  |TAMS 0x000000072c400000, 0x000000072c400000| Untracked 
|  86|0x000000072c600000, 0x000000072c600000, 0x000000072c800000|  0%| F|  |TAMS 0x000000072c600000, 0x000000072c600000| Untracked 
|  87|0x000000072c800000, 0x000000072c800000, 0x000000072ca00000|  0%| F|  |TAMS 0x000000072c800000, 0x000000072c800000| Untracked 
|  88|0x000000072ca00000, 0x000000072ca00000, 0x000000072cc00000|  0%| F|  |TAMS 0x000000072ca00000, 0x000000072ca00000| Untracked 
|  89|0x000000072cc00000, 0x000000072cc00000, 0x000000072ce00000|  0%| F|  |TAMS 0x000000072cc00000, 0x000000072cc00000| Untracked 
|  90|0x000000072ce00000, 0x000000072ce00000, 0x000000072d000000|  0%| F|  |TAMS 0x000000072ce00000, 0x000000072ce00000| Untracked 
|  91|0x000000072d000000, 0x000000072d000000, 0x000000072d200000|  0%| F|  |TAMS 0x000000072d000000, 0x000000072d000000| Untracked 
|  92|0x000000072d200000, 0x000000072d200000, 0x000000072d400000|  0%| F|  |TAMS 0x000000072d200000, 0x000000072d200000| Untracked 
|  93|0x000000072d400000, 0x000000072d400000, 0x000000072d600000|  0%| F|  |TAMS 0x000000072d400000, 0x000000072d400000| Untracked 
|  94|0x000000072d600000, 0x000000072d600000, 0x000000072d800000|  0%| F|  |TAMS 0x000000072d600000, 0x000000072d600000| Untracked 
|  95|0x000000072d800000, 0x000000072d800000, 0x000000072da00000|  0%| F|  |TAMS 0x000000072d800000, 0x000000072d800000| Untracked 
|  96|0x000000072da00000, 0x000000072da00000, 0x000000072dc00000|  0%| F|  |TAMS 0x000000072da00000, 0x000000072da00000| Untracked 
|  97|0x000000072dc00000, 0x000000072dc00000, 0x000000072de00000|  0%| F|  |TAMS 0x000000072dc00000, 0x000000072dc00000| Untracked 
|  98|0x000000072de00000, 0x000000072de00000, 0x000000072e000000|  0%| F|  |TAMS 0x000000072de00000, 0x000000072de00000| Untracked 
|  99|0x000000072e000000, 0x000000072e000000, 0x000000072e200000|  0%| F|  |TAMS 0x000000072e000000, 0x000000072e000000| Untracked 
| 100|0x000000072e200000, 0x000000072e200000, 0x000000072e400000|  0%| F|  |TAMS 0x000000072e200000, 0x000000072e200000| Untracked 
| 101|0x000000072e400000, 0x000000072e400000, 0x000000072e600000|  0%| F|  |TAMS 0x000000072e400000, 0x000000072e400000| Untracked 
| 102|0x000000072e600000, 0x000000072e600000, 0x000000072e800000|  0%| F|  |TAMS 0x000000072e600000, 0x000000072e600000| Untracked 
| 103|0x000000072e800000, 0x000000072e800000, 0x000000072ea00000|  0%| F|  |TAMS 0x000000072e800000, 0x000000072e800000| Untracked 
| 104|0x000000072ea00000, 0x000000072ea00000, 0x000000072ec00000|  0%| F|  |TAMS 0x000000072ea00000, 0x000000072ea00000| Untracked 
| 105|0x000000072ec00000, 0x000000072ec00000, 0x000000072ee00000|  0%| F|  |TAMS 0x000000072ec00000, 0x000000072ec00000| Untracked 
| 106|0x000000072ee00000, 0x000000072ee00000, 0x000000072f000000|  0%| F|  |TAMS 0x000000072ee00000, 0x000000072ee00000| Untracked 
| 107|0x000000072f000000, 0x000000072f000000, 0x000000072f200000|  0%| F|  |TAMS 0x000000072f000000, 0x000000072f000000| Untracked 
| 108|0x000000072f200000, 0x000000072f200000, 0x000000072f400000|  0%| F|  |TAMS 0x000000072f200000, 0x000000072f200000| Untracked 
| 109|0x000000072f400000, 0x000000072f400000, 0x000000072f600000|  0%| F|  |TAMS 0x000000072f400000, 0x000000072f400000| Untracked 
| 110|0x000000072f600000, 0x000000072f600000, 0x000000072f800000|  0%| F|  |TAMS 0x000000072f600000, 0x000000072f600000| Untracked 
| 111|0x000000072f800000, 0x000000072f9c2e40, 0x000000072fa00000| 88%| E|  |TAMS 0x000000072f800000, 0x000000072f800000| Complete 

Card table byte_map: [0x000002207a450000,0x000002207ab50000] _byte_map_base: 0x0000022076b43000

Marking Bits (Prev, Next): (CMBitMap*) 0x00000220671c68c0, (CMBitMap*) 0x00000220671c6900
 Prev Bits: [0x000002207b250000, 0x000002207e9e8000)
 Next Bits: [0x0000022000000000, 0x0000022003798000)

Polling page: 0x0000022065090000

Metaspace:

Usage:
  Non-class:      5.07 MB used.
      Class:    490.63 KB used.
       Both:      5.55 MB used.

Virtual space:
  Non-class space:       64.00 MB reserved,       5.12 MB (  8%) committed,  1 nodes.
      Class space:        1.00 GB reserved,     512.00 KB ( <1%) committed,  1 nodes.
             Both:        1.06 GB reserved,       5.62 MB ( <1%) committed. 

Chunk freelists:
   Non-Class:  10.49 MB
       Class:  15.51 MB
        Both:  26.01 MB

MaxMetaspaceSize: unlimited
CompressedClassSpaceSize: 1.00 GB
Initial GC threshold: 21.00 MB
Current GC threshold: 21.00 MB
CDS: off
MetaspaceReclaimPolicy: balanced
 - commit_granule_bytes: 65536.
 - commit_granule_words: 8192.
 - virtual_space_node_default_size: 8388608.
 - enlarge_chunks_in_place: 1.
 - new_chunks_are_fully_committed: 0.
 - uncommit_free_chunks: 1.
 - use_allocation_guard: 0.
 - handle_deallocations: 1.


Internal statistics:

num_allocs_failed_limit: 0.
num_arena_births: 8.
num_arena_deaths: 0.
num_vsnodes_births: 2.
num_vsnodes_deaths: 0.
num_space_committed: 90.
num_space_uncommitted: 0.
num_chunks_returned_to_freelist: 0.
num_chunks_taken_from_freelist: 15.
num_chunk_merges: 0.
num_chunk_splits: 7.
num_chunks_enlarged: 3.
num_inconsistent_stats: 0.

CodeHeap 'non-profiled nmethods': size=120000Kb used=32Kb max_used=32Kb free=119967Kb
 bounds [0x00000220722d0000, 0x0000022072540000, 0x0000022079800000]
CodeHeap 'profiled nmethods': size=120000Kb used=135Kb max_used=135Kb free=119864Kb
 bounds [0x000002206a800000, 0x000002206aa70000, 0x0000022071d30000]
CodeHeap 'non-nmethods': size=5760Kb used=1093Kb max_used=1106Kb free=4667Kb
 bounds [0x0000022071d30000, 0x0000022071fa0000, 0x00000220722d0000]
 total_blobs=476 nmethods=111 adapters=278
 compilation: enabled
              stopped_count=0, restarted_count=0
 full_count=0

Compilation events (20 events):
Event: 0.084 Thread 0x0000022005840d60 nmethod 100 0x00000220722d7590 code [0x00000220722d7720, 0x00000220722d77f8]
Event: 0.084 Thread 0x0000022005840d60  101       3       java.lang.StringBuilder::append (8 bytes)
Event: 0.084 Thread 0x0000022005840d60 nmethod 101 0x000002206a81ae90 code [0x000002206a81b020, 0x000002206a81b168]
Event: 0.084 Thread 0x0000022005840d60  103       3       java.lang.StringLatin1::newString (24 bytes)
Event: 0.084 Thread 0x0000022005840d60 nmethod 103 0x000002206a81b210 code [0x000002206a81b3e0, 0x000002206a81b708]
Event: 0.084 Thread 0x0000022005840d60  104       3       java.util.Arrays::copyOfRange (64 bytes)
Event: 0.084 Thread 0x0000022005840d60 nmethod 104 0x000002206a81b810 code [0x000002206a81ba80, 0x000002206a81c398]
Event: 0.084 Thread 0x0000022005840d60  102       3       java.lang.AbstractStringBuilder::append (45 bytes)
Event: 0.085 Thread 0x0000022005840d60 nmethod 102 0x000002206a81c710 code [0x000002206a81c8e0, 0x000002206a81cc28]
Event: 0.085 Thread 0x0000022005840d60  105       3       java.lang.String::checkBoundsBeginEnd (63 bytes)
Event: 0.085 Thread 0x0000022005840d60 nmethod 105 0x000002206a81cd90 code [0x000002206a81d020, 0x000002206a81d918]
Event: 0.085 Thread 0x0000022005840d60  106       3       java.lang.String::substring (58 bytes)
Event: 0.086 Thread 0x0000022005840d60 nmethod 106 0x000002206a81dc90 code [0x000002206a81de80, 0x000002206a81e328]
Event: 0.086 Thread 0x0000022005840d60  107       1       java.lang.Integer::intValue (5 bytes)
Event: 0.086 Thread 0x0000022005840d60 nmethod 107 0x00000220722d7890 code [0x00000220722d7a20, 0x00000220722d7af8]
Event: 0.086 Thread 0x0000022005840d60  108       3       java.lang.Math::max (11 bytes)
Event: 0.086 Thread 0x0000022005840d60 nmethod 108 0x000002206a81e510 code [0x000002206a81e6a0, 0x000002206a81e7d8]
Event: 0.086 Thread 0x0000022005840240  109       4       java.lang.String::charAt (25 bytes)
Event: 0.086 Thread 0x0000022005840d60  110   !   3       sun.nio.fs.WindowsPath::initOffsets (153 bytes)
Event: 0.086 Thread 0x0000022005840240 nmethod 109 0x00000220722d7b90 code [0x00000220722d7d00, 0x00000220722d7dd8]

GC Heap History (0 events):
No events

Dll operation events (3 events):
Event: 0.005 Loaded shared library D:\ECLIPSE\pool\plugins\org.eclipse.justj.openjdk.hotspot.jre.full.win32.x86_64_17.0.8.v20230831-1047\jre\bin\java.dll
Event: 0.073 Loaded shared library D:\ECLIPSE\pool\plugins\org.eclipse.justj.openjdk.hotspot.jre.full.win32.x86_64_17.0.8.v20230831-1047\jre\bin\net.dll
Event: 0.074 Loaded shared library D:\ECLIPSE\pool\plugins\org.eclipse.justj.openjdk.hotspot.jre.full.win32.x86_64_17.0.8.v20230831-1047\jre\bin\nio.dll

Deoptimization events (0 events):
No events

Classes unloaded (0 events):
No events

Classes redefined (0 events):
No events

Internal exceptions (1 events):
Event: 0.080 Thread 0x0000022067163df0 Exception <a 'java/lang/NoSuchMethodError'{0x000000072f91c400}: 'void java.lang.invoke.DirectMethodHandle$Holder.invokeVirtual(java.lang.Object, java.lang.Object)'> (0x000000072f91c400) 
thrown [s\src\hotspot\share\interpreter\linkResolver.cpp, line 759]

VM Operations (0 events):
No events

Events (20 events):
Event: 0.085 loading class sun/nio/fs/WindowsPath$WindowsPathWithAttributes done
Event: 0.085 loading class jdk/internal/module/Checks
Event: 0.085 loading class jdk/internal/module/Checks done
Event: 0.085 loading class java/util/stream/Streams$StreamBuilderImpl
Event: 0.085 loading class java/util/stream/Stream$Builder
Event: 0.085 loading class java/util/stream/Stream$Builder done
Event: 0.085 loading class java/util/stream/Streams$AbstractStreamBuilderImpl
Event: 0.085 loading class java/util/stream/Streams$AbstractStreamBuilderImpl done
Event: 0.085 loading class java/util/stream/Streams$StreamBuilderImpl done
Event: 0.085 loading class java/util/stream/Streams
Event: 0.085 loading class java/util/stream/Streams done
Event: 0.086 loading class java/util/Collections$UnmodifiableCollection$1
Event: 0.086 loading class java/util/Collections$UnmodifiableCollection$1 done
Event: 0.086 loading class java/util/HashMap$Values
Event: 0.086 loading class java/util/HashMap$Values done
Event: 0.087 loading class java/util/HashMap$ValueIterator
Event: 0.087 loading class java/util/HashMap$ValueIterator done
Event: 0.087 loading class jdk/internal/module/ModuleInfo$Attributes
Event: 0.087 loading class jdk/internal/module/ModuleInfo$Attributes done
Event: 0.087 loading class jdk/internal/module/ModuleReferences


Dynamic libraries:
0x00007ff6b7d60000 - 0x00007ff6b7d6e000 	D:\ECLIPSE\pool\plugins\org.eclipse.justj.openjdk.hotspot.jre.full.win32.x86_64_17.0.8.v20230831-1047\jre\bin\javaw.exe
0x00007ffb5af70000 - 0x00007ffb5b184000 	C:\WINDOWS\SYSTEM32\ntdll.dll
0x00007ffb5abc0000 - 0x00007ffb5ac82000 	C:\WINDOWS\System32\KERNEL32.DLL
0x00007ffb585f0000 - 0x00007ffb58993000 	C:\WINDOWS\System32\KERNELBASE.dll
0x00007ffb58c30000 - 0x00007ffb58d41000 	C:\WINDOWS\System32\ucrtbase.dll
0x00007ffb4b5a0000 - 0x00007ffb4b5b7000 	D:\ECLIPSE\pool\plugins\org.eclipse.justj.openjdk.hotspot.jre.full.win32.x86_64_17.0.8.v20230831-1047\jre\bin\jli.dll
0x00007ffb4b540000 - 0x00007ffb4b559000 	D:\ECLIPSE\pool\plugins\org.eclipse.justj.openjdk.hotspot.jre.full.win32.x86_64_17.0.8.v20230831-1047\jre\bin\VCRUNTIME140.dll
0x00007ffb59590000 - 0x00007ffb5973b000 	C:\WINDOWS\System32\USER32.dll
0x00007ffb58490000 - 0x00007ffb584b6000 	C:\WINDOWS\System32\win32u.dll
0x00007ffb41370000 - 0x00007ffb415fe000 	C:\WINDOWS\WinSxS\amd64_microsoft.windows.common-controls_6595b64144ccf1df_6.0.22621.1635_none_270f70857386168e\COMCTL32.dll
0x00007ffb5ac90000 - 0x00007ffb5acb9000 	C:\WINDOWS\System32\GDI32.dll
0x00007ffb5a210000 - 0x00007ffb5a2b7000 	C:\WINDOWS\System32\msvcrt.dll
0x00007ffb58370000 - 0x00007ffb58489000 	C:\WINDOWS\System32\gdi32full.dll
0x00007ffb589a0000 - 0x00007ffb58a3a000 	C:\WINDOWS\System32\msvcp_win.dll
0x00007ffb5a8b0000 - 0x00007ffb5a8e1000 	C:\WINDOWS\System32\IMM32.DLL
0x0000000059fc0000 - 0x0000000059fcc000 	D:\360\Total Security\safemon\SafeWrapper.dll
0x00007ffb5ae80000 - 0x00007ffb5af2e000 	C:\WINDOWS\System32\ADVAPI32.dll
0x00007ffb5ad20000 - 0x00007ffb5adc4000 	C:\WINDOWS\System32\sechost.dll
0x00007ffb5aaa0000 - 0x00007ffb5abb7000 	C:\WINDOWS\System32\RPCRT4.dll
0x00007ffafd370000 - 0x00007ffafd402000 	D:\360\Total Security\safemon\libzdtp64.dll
0x00007ffb59900000 - 0x00007ffb5a0fa000 	C:\WINDOWS\System32\SHELL32.dll
0x00007ffb58d60000 - 0x00007ffb58dbe000 	C:\WINDOWS\System32\SHLWAPI.dll
0x00007ffb57dc0000 - 0x00007ffb57dca000 	C:\WINDOWS\SYSTEM32\VERSION.dll
0x00007ffb4b530000 - 0x00007ffb4b53c000 	D:\ECLIPSE\pool\plugins\org.eclipse.justj.openjdk.hotspot.jre.full.win32.x86_64_17.0.8.v20230831-1047\jre\bin\vcruntime140_1.dll
0x00007ffb483f0000 - 0x00007ffb48481000 	D:\ECLIPSE\pool\plugins\org.eclipse.justj.openjdk.hotspot.jre.full.win32.x86_64_17.0.8.v20230831-1047\jre\bin\msvcp140.dll
0x00007ffb1fa20000 - 0x00007ffb2066c000 	D:\ECLIPSE\pool\plugins\org.eclipse.justj.openjdk.hotspot.jre.full.win32.x86_64_17.0.8.v20230831-1047\jre\bin\server\jvm.dll
0x00007ffb4e990000 - 0x00007ffb4e9c4000 	C:\WINDOWS\SYSTEM32\WINMM.dll
0x00007ffb58040000 - 0x00007ffb5808d000 	C:\WINDOWS\SYSTEM32\POWRPROF.dll
0x00007ffb55650000 - 0x00007ffb55659000 	C:\WINDOWS\SYSTEM32\WSOCK32.dll
0x00007ffb5ae00000 - 0x00007ffb5ae71000 	C:\WINDOWS\System32\WS2_32.dll
0x00007ffb58020000 - 0x00007ffb58033000 	C:\WINDOWS\SYSTEM32\UMPDC.dll
0x00007ffb57300000 - 0x00007ffb57318000 	C:\WINDOWS\SYSTEM32\kernel.appcore.dll
0x00007ffb4b600000 - 0x00007ffb4b60a000 	D:\ECLIPSE\pool\plugins\org.eclipse.justj.openjdk.hotspot.jre.full.win32.x86_64_17.0.8.v20230831-1047\jre\bin\jimage.dll
0x00007ffb50ab0000 - 0x00007ffb50cde000 	C:\WINDOWS\SYSTEM32\DBGHELP.DLL
0x00007ffb58e60000 - 0x00007ffb591e9000 	C:\WINDOWS\System32\combase.dll
0x00007ffb5a7d0000 - 0x00007ffb5a8a7000 	C:\WINDOWS\System32\OLEAUT32.dll
0x00007ffb44220000 - 0x00007ffb44252000 	C:\WINDOWS\SYSTEM32\dbgcore.DLL
0x00007ffb58a40000 - 0x00007ffb58abb000 	C:\WINDOWS\System32\bcryptPrimitives.dll
0x00007ffb48310000 - 0x00007ffb48335000 	D:\ECLIPSE\pool\plugins\org.eclipse.justj.openjdk.hotspot.jre.full.win32.x86_64_17.0.8.v20230831-1047\jre\bin\java.dll
0x00007ffb482f0000 - 0x00007ffb48308000 	D:\ECLIPSE\pool\plugins\org.eclipse.justj.openjdk.hotspot.jre.full.win32.x86_64_17.0.8.v20230831-1047\jre\bin\zip.dll
0x00007ffb56300000 - 0x00007ffb56bce000 	C:\WINDOWS\SYSTEM32\windows.storage.dll
0x00007ffb561c0000 - 0x00007ffb562fe000 	C:\WINDOWS\SYSTEM32\wintypes.dll
0x00007ffb59490000 - 0x00007ffb59581000 	C:\WINDOWS\System32\SHCORE.dll
0x00007ffb582a0000 - 0x00007ffb582c1000 	C:\WINDOWS\SYSTEM32\profapi.dll
0x00007ffb48090000 - 0x00007ffb480a9000 	D:\ECLIPSE\pool\plugins\org.eclipse.justj.openjdk.hotspot.jre.full.win32.x86_64_17.0.8.v20230831-1047\jre\bin\net.dll
0x00007ffb52a20000 - 0x00007ffb52b57000 	C:\WINDOWS\SYSTEM32\WINHTTP.dll
0x00007ffb577c0000 - 0x00007ffb57829000 	C:\WINDOWS\system32\mswsock.dll
0x00007ffb47c50000 - 0x00007ffb47c65000 	D:\ECLIPSE\pool\plugins\org.eclipse.justj.openjdk.hotspot.jre.full.win32.x86_64_17.0.8.v20230831-1047\jre\bin\nio.dll

dbghelp: loaded successfully - version: 4.0.5 - missing functions: none
symbol engine: initialized successfully - sym options: 0x614 - pdb path: .;D:\ECLIPSE\pool\plugins\org.eclipse.justj.openjdk.hotspot.jre.full.win32.x86_64_17.0.8.v20230831-1047\jre\bin;C:\WINDOWS\SYSTEM32;C:\WINDOWS\WinSxS\amd64_microsoft.windows.common-controls_6595b64144ccf1df_6.0.22621.1635_none_270f70857386168e;D:\360\Total Security\safemon;D:\ECLIPSE\pool\plugins\org.eclipse.justj.openjdk.hotspot.jre.full.win32.x86_64_17.0.8.v20230831-1047\jre\bin\server

VM Arguments:
jvm_args: -Dfile.encoding=UTF-8 --module-path=D:\USUARIO\Music\workspace\proyecto\bin -XX:+ShowCodeDetailsInExceptionMessages -Djdk.module.main=proyecto 
java_command: proyecto/presentacion.Principal
java_class_path (initial): <not set>
Launcher Type: SUN_STANDARD

[Global flags]
     intx CICompilerCount                          = 4                                         {product} {ergonomic}
     uint ConcGCThreads                            = 3                                         {product} {ergonomic}
     uint G1ConcRefinementThreads                  = 10                                        {product} {ergonomic}
   size_t G1HeapRegionSize                         = 2097152                                   {product} {ergonomic}
    uintx GCDrainStackTargetSize                   = 64                                        {product} {ergonomic}
   size_t InitialHeapSize                          = 234881024                                 {product} {ergonomic}
   size_t MarkStackSize                            = 4194304                                   {product} {ergonomic}
   size_t MaxHeapSize                              = 3730833408                                {product} {ergonomic}
   size_t MaxNewSize                               = 2237661184                                {product} {ergonomic}
   size_t MinHeapDeltaBytes                        = 2097152                                   {product} {ergonomic}
   size_t MinHeapSize                              = 8388608                                   {product} {ergonomic}
    uintx NonNMethodCodeHeapSize                   = 5839372                                {pd product} {ergonomic}
    uintx NonProfiledCodeHeapSize                  = 122909434                              {pd product} {ergonomic}
    uintx ProfiledCodeHeapSize                     = 122909434                              {pd product} {ergonomic}
    uintx ReservedCodeCacheSize                    = 251658240                              {pd product} {ergonomic}
     bool SegmentedCodeCache                       = true                                      {product} {ergonomic}
     bool ShowCodeDetailsInExceptionMessages       = true                                   {manageable} {command line}
   size_t SoftMaxHeapSize                          = 3730833408                             {manageable} {ergonomic}
     bool UseCompressedClassPointers               = true                           {product lp64_product} {ergonomic}
     bool UseCompressedOops                        = true                           {product lp64_product} {ergonomic}
     bool UseG1GC                                  = true                                      {product} {ergonomic}
     bool UseLargePagesIndividualAllocation        = false                                  {pd product} {ergonomic}

Logging:
Log output configuration:
 #0: stdout all=warning uptime,level,tags
 #1: stderr all=off uptime,level,tags

Environment Variables:
PATH=D:/ECLIPSE/pool/plugins/org.eclipse.justj.openjdk.hotspot.jre.full.win32.x86_64_17.0.8.v20230831-1047/jre/bin/server;D:/ECLIPSE/pool/plugins/org.eclipse.justj.openjdk.hotspot.jre.full.win32.x86_64_17.0.8.v20230831-1047/jre/bin;C:\Program Files (x86)\Common Files\Oracle\Java\javapath;C:\WINDOWS\system32;C:\WINDOWS;C:\WINDOWS\System32\Wbem;C:\WINDOWS\System32\WindowsPowerShell\v1.0\;C:\WINDOWS\System32\OpenSSH\;C:\Users\USUARIO\AppData\Local\Microsoft\WindowsApps;C:\Users\USUARIO\AppData\Local\gitkraken\bin;D:\USUARIO\Desktop;
USERNAME=USUARIO
OS=Windows_NT
PROCESSOR_IDENTIFIER=AMD64 Family 25 Model 80 Stepping 0, AuthenticAMD
TMP=C:\Users\USUARIO\AppData\Local\Temp
TEMP=C:\Users\USUARIO\AppData\Local\Temp



---------------  S Y S T E M  ---------------

OS:
 Windows 11 , 64 bit Build 22621 (10.0.22621.1778)
OS uptime: 0 days 3:54 hours

CPU: total 12 (initial active 12) (12 cores per cpu, 2 threads per core) family 25 model 80 stepping 0 microcode 0x0, cx8, cmov, fxsr, ht, mmx, 3dnowpref, sse, sse2, sse3, ssse3, sse4a, sse4.1, sse4.2, popcnt, lzcnt, tsc, tscinvbit, avx, avx2, aes, erms, clmul, bmi1, bmi2, adx, sha, fma, vzeroupper, clflush, clflushopt
Processor Information for all 12 processors :
  Max Mhz: 3901, Current Mhz: 3901, Mhz Limit: 3901

Memory: 4k page, system-wide physical 14229M (8294M free)
TotalPageFile size 14247M (AvailPageFile size 3M)
current process WorkingSet (physical memory assigned to process): 33M, peak: 33M
current process commit charge ("private bytes"): 308M, peak: 308M

vm_info: OpenJDK 64-Bit Server VM (17.0.8.1+1) for windows-amd64 JRE (17.0.8.1+1), built on Aug 23 2023 15:29:17 by "admin" with MS VC++ 16.7 (VS2019)

END.
